  Atarihantei.cpp
  Bonbe.cpp
  Camera.cpp
  Coin.cpp
  Cube.cpp
  Grit.cpp
  input.cpp
  Main.cpp
  MeshField.cpp
  Number.cpp
C:\Users\alfam\Documents\HarryFly_Git\HarryFly\Number.cpp(23,41): warning C4244: '引数': 'float' から 'int' への変換です。データが失われる可能性があります。
  Polygon.cpp
C:\Users\alfam\Documents\HarryFly_Git\HarryFly\Polygon.cpp(121,11): warning C4244: '初期化中': 'int' から 'float' への変換です。データが失われる可能性があります。
C:\Users\alfam\Documents\HarryFly_Git\HarryFly\Polygon.cpp(122,11): warning C4244: '初期化中': 'int' から 'float' への変換です。データが失われる可能性があります。
  Score.cpp
  Sixyokika.cpp
  Xmodel.cpp
  コード生成しています。
  Previous IPDB not found, fall back to full compilation.
  All 129 functions were compiled because no usable IPDB/IOBJ from previous compilation was found.
  コード生成が終了しました。
  HarryFly.vcxproj -> C:\Users\alfam\Documents\HarryFly_Git\Release\HarryFly.exe
